============================================================================


      ERROR TEST
      NUMBER 1
      < input grep Hello | wc -l > output


 - Bash output file:
       0
\EOF

 - Pipex output file: None

 - Bash standard stream:
pipex: input: No such file or directory
\EOF

 - Pipex standard stream: None

 - Bash exit code value: 0

 - Pipex exit code value: 1


============================================================================


      ERROR TEST
      NUMBER 2
      < input grep Hello | wc -l > output (No environment)


 - Bash output file:
       1
\EOF

 - Pipex output file: Empty

 - Bash standard stream: None

 - Pipex standard stream:
PATH environment variable not found
PATH environment variable not found
\EOF

 - Bash exit code value: 0

 - Pipex exit code value: 1

File permissions of output files match


============================================================================


      ERROR TEST
      NUMBER 3
      < input fizzBuzz | ls -l src/ > output


 - Bash output file:
total 56
-rw-r--r--  1 kruseva  2024_heilbronn  4652 Jan 25 17:38 main.c
-rw-r--r--  1 kruseva  2024_heilbronn   833 Jan 25 17:38 runTest.c
-rw-r--r--  1 kruseva  2024_heilbronn  8583 Jan 25 17:38 test.c
-rw-r--r--  1 kruseva  2024_heilbronn   427 Jan 25 17:38 utils.c
\EOF

 - Pipex output file:
total 56
-rw-r--r--  1 kruseva  2024_heilbronn  4652 Jan 25 17:38 main.c
-rw-r--r--  1 kruseva  2024_heilbronn   833 Jan 25 17:38 runTest.c
-rw-r--r--  1 kruseva  2024_heilbronn  8583 Jan 25 17:38 test.c
-rw-r--r--  1 kruseva  2024_heilbronn   427 Jan 25 17:38 utils.c
\EOF

 - Bash standard stream:
pipex: fizzBuzz: command not found
\EOF

 - Pipex standard stream:
Command not found: fizzBuzz
\EOF

 - Bash exit code value: 0

 - Pipex exit code value: 1

File permissions of output files match


============================================================================


      ERROR TEST
      NUMBER 4
      < input ls -l src/ | buzzFizz > output


 - Bash output file: Empty

 - Pipex output file: Empty

 - Bash standard stream:
pipex: buzzFizz: command not found
\EOF

 - Pipex standard stream:
Command not found: buzzFizz
\EOF

 - Bash exit code value: 127

 - Pipex exit code value: 1

File permissions of output files match


============================================================================


      ERROR TEST
      NUMBER 5
      < input fizzBuzz | wc -l > output (No environment)


 - Bash output file:
       0
\EOF

 - Pipex output file: Empty

 - Bash standard stream:
pipex: fizzBuzz: command not found
\EOF

 - Pipex standard stream:
PATH environment variable not found
PATH environment variable not found
\EOF

 - Bash exit code value: 0

 - Pipex exit code value: 1

File permissions of output files match


============================================================================


      ERROR TEST
      NUMBER 6
      < input grep Hello | buzzFizz > output (No environment)


 - Bash output file: Empty

 - Pipex output file: Empty

 - Bash standard stream:
pipex: buzzFizz: command not found
\EOF

 - Pipex standard stream:
PATH environment variable not found
PATH environment variable not found
\EOF

 - Bash exit code value: 127

 - Pipex exit code value: 1

File permissions of output files match


